This file contains any messages produced by compilers while
running configure, to aid debugging if configure makes a mistake.

It was created by configure, which was
generated by GNU Autoconf 2.69.  Invocation command line was

  $ ./configure 

## --------- ##
## Platform. ##
## --------- ##

hostname = pbx
uname -m = x86_64
uname -r = 3.19.8-x86_64-dts
uname -s = Linux
uname -v = #1 SMP PREEMPT Sat Jul 11 12:06:54 SAST 2015

/usr/bin/uname -p = unknown
/bin/uname -X     = unknown

/bin/arch              = x86_64
/usr/bin/arch -k       = unknown
/usr/convex/getsysinfo = unknown
/usr/bin/hostinfo      = unknown
/bin/machine           = unknown
/usr/bin/oslevel       = unknown
/bin/universe          = unknown

PATH: /usr/local/sbin
PATH: /usr/local/bin
PATH: /usr/sbin
PATH: /usr/bin
PATH: /sbin
PATH: /bin
PATH: /opt/apache2/bin
PATH: /opt/Xorg/bin
PATH: /opt/xfce/bin
PATH: /usr/lib64/jvm/jdk-1.7.0_79/bin
PATH: /usr/lib64/jvm/apache-ant-1.9.2/bin
PATH: /usr/lib64/jvm/apache-maven-3.1.1/bin
PATH: /opt/texlive/bin/custom
PATH: /opt/android-studio/bin
PATH: /opt/apache2/bin
PATH: /opt/apr/bin
PATH: /opt/dtsbuild/bin
PATH: /opt/forrest/bin
PATH: /opt/gnat/bin
PATH: /opt/libjpeg-turbo/bin
PATH: /opt/MailScanner/bin
PATH: /opt/MailScanner-4.84.5-3/bin
PATH: /opt/MailScanner.old/bin
PATH: /opt/majordomo/bin
PATH: /opt/mesa-demos/bin
PATH: /opt/mysql/bin
PATH: /opt/qemu/bin
PATH: /opt/qt-4/bin
PATH: /opt/qt-5/bin
PATH: /opt/radius/bin
PATH: /opt/texlive/bin
PATH: /opt/xfce/bin
PATH: /opt/Xorg/bin
PATH: /opt/qt-5/bin
PATH: /opt/fop


## ----------- ##
## Core tests. ##
## ----------- ##

configure:2501: error: cannot find install-sh, install.sh, or shtool in auxdir "."/auxdir

## ---------------- ##
## Cache variables. ##
## ---------------- ##

ac_cv_env_CCC_set=
ac_cv_env_CCC_value=
ac_cv_env_CC_set=
ac_cv_env_CC_value=
ac_cv_env_CFLAGS_set=
ac_cv_env_CFLAGS_value=
ac_cv_env_CPPFLAGS_set=
ac_cv_env_CPPFLAGS_value=
ac_cv_env_CPP_set=
ac_cv_env_CPP_value=
ac_cv_env_CXXCPP_set=
ac_cv_env_CXXCPP_value=
ac_cv_env_CXXFLAGS_set=
ac_cv_env_CXXFLAGS_value=
ac_cv_env_CXX_set=
ac_cv_env_CXX_value=
ac_cv_env_LDFLAGS_set=
ac_cv_env_LDFLAGS_value=
ac_cv_env_LIBS_set=
ac_cv_env_LIBS_value=
ac_cv_env_LIBUSBX_CFLAGS_set=
ac_cv_env_LIBUSBX_CFLAGS_value=
ac_cv_env_LIBUSBX_LIBS_set=
ac_cv_env_LIBUSBX_LIBS_value=
ac_cv_env_LIBUSB_CFLAGS_set=
ac_cv_env_LIBUSB_CFLAGS_value=
ac_cv_env_LIBUSB_LIBS_set=
ac_cv_env_LIBUSB_LIBS_value=
ac_cv_env_PKG_CONFIG_LIBDIR_set=
ac_cv_env_PKG_CONFIG_LIBDIR_value=
ac_cv_env_PKG_CONFIG_PATH_set=
ac_cv_env_PKG_CONFIG_PATH_value=
ac_cv_env_PKG_CONFIG_set=
ac_cv_env_PKG_CONFIG_value=
ac_cv_env_build_alias_set=
ac_cv_env_build_alias_value=
ac_cv_env_host_alias_set=
ac_cv_env_host_alias_value=
ac_cv_env_target_alias_set=
ac_cv_env_target_alias_value=

## ----------------- ##
## Output variables. ##
## ----------------- ##

ACLOCAL=''
AMDEPBACKSLASH=''
AMDEP_FALSE=''
AMDEP_TRUE=''
AMTAR=''
AR=''
ASCIIDOC=''
AUTOCONF=''
AUTOHEADER=''
AUTOMAKE=''
AWK=''
BDFARCH=''
BDFNAME=''
BUILD_VERSION=''
CC=''
CCDEPMODE=''
CFLAGS=''
CPP=''
CPPFLAGS=''
CXX=''
CXXCPP=''
CXXDEPMODE=''
CXXFLAGS=''
CYGPATH_W=''
DAHDI_DECLARATION_AFTER_STATEMENT=''
DAHDI_DEVMODE=''
DAHDI_DEVMODE_FALSE=''
DAHDI_DEVMODE_TRUE=''
DAHDI_DIR=''
DAHDI_INCLUDE=''
DAHDI_LIB=''
DEFS=''
DEPDIR=''
DLLTOOL=''
DOWNLOAD=''
DSYMUTIL=''
DUMPBIN=''
ECHO_C=''
ECHO_N='-n'
ECHO_T=''
EGREP=''
EXEEXT=''
FETCH=''
FGREP=''
GNU_MAKE=''
GREP=''
HOSTCC=''
INSTALL_DATA=''
INSTALL_PROGRAM=''
INSTALL_SCRIPT=''
INSTALL_STRIP_PROGRAM=''
LD=''
LDFLAGS=''
LIBOBJS=''
LIBS=''
LIBTOOL=''
LIBUSBX_CFLAGS=''
LIBUSBX_FALSE=''
LIBUSBX_LIBS=''
LIBUSBX_TRUE=''
LIBUSB_CFLAGS=''
LIBUSB_FALSE=''
LIBUSB_LIBS=''
LIBUSB_TRUE=''
LIPO=''
LN=''
LN_S=''
LTLIBOBJS=''
MAKEINFO=''
MANIFEST_TOOL=''
NEWT_DIR=''
NEWT_INCLUDE=''
NEWT_LIB=''
NM=''
NMEDIT=''
OBJDUMP=''
OBJEXT=''
OCTASIC_CFLAGS=''
OTOOL64=''
OTOOL=''
PACKAGE=''
PACKAGE_BUGREPORT=''
PACKAGE_NAME=''
PACKAGE_STRING=''
PACKAGE_TARNAME=''
PACKAGE_URL=''
PACKAGE_VERSION=''
PATH_SEPARATOR=':'
PBX_DAHDI23=''
PBX_DAHDI=''
PBX_HDLC=''
PBX_HDLC_FALSE=''
PBX_HDLC_TRUE=''
PBX_NEWT=''
PBX_NEWT_FALSE=''
PBX_NEWT_TRUE=''
PBX_PCAP=''
PBX_PCAP_FALSE=''
PBX_PCAP_TRUE=''
PBX_USB=''
PBX_USB_FALSE=''
PBX_USB_TRUE=''
PCAP_DIR=''
PCAP_INCLUDE=''
PCAP_LIB=''
PERL=''
PERL_FALSE=''
PERL_TRUE=''
PKG_CONFIG=''
PKG_CONFIG_LIBDIR=''
PKG_CONFIG_PATH=''
PPPD_FALSE=''
PPPD_TRUE=''
PPPD_VERSION=''
RANLIB=''
SED=''
SET_MAKE=''
SHELL='/bin/sh'
SILENT_RULES_FALSE=''
SILENT_RULES_TRUE=''
STRIP=''
TOOLSVERSION=''
USB_DIR=''
USB_INCLUDE=''
USB_LIB=''
USE_OCTASIC=''
USE_OCTASIC_FALSE=''
USE_OCTASIC_TRUE=''
USE_SELINUX=''
VERSION=''
WGET=''
ac_ct_AR=''
ac_ct_CC=''
ac_ct_CXX=''
ac_ct_DUMPBIN=''
am__fastdepCC_FALSE=''
am__fastdepCC_TRUE=''
am__fastdepCXX_FALSE=''
am__fastdepCXX_TRUE=''
am__include=''
am__leading_dot=''
am__quote=''
am__tar=''
am__untar=''
bindir='${exec_prefix}/bin'
build=''
build_alias=''
build_cpu=''
build_os=''
build_vendor=''
dahdiincludedir=''
dahditoolsdir=''
datadir='${datarootdir}'
datarootdir='${prefix}/share'
docdir='${datarootdir}/doc/${PACKAGE}'
dvidir='${docdir}'
exec_prefix='NONE'
host=''
host_alias=''
host_cpu=''
host_os=''
host_vendor=''
htmldir='${docdir}'
includedir='${prefix}/include'
infodir='${datarootdir}/info'
install_sh=''
libdir='${exec_prefix}/lib'
libexecdir='${exec_prefix}/libexec'
localedir='${datarootdir}/locale'
localstatedir='${prefix}/var'
mandir='${datarootdir}/man'
mkdir_p=''
oldincludedir='/usr/include'
pdfdir='${docdir}'
perllibdir=''
prefix='NONE'
program_transform_name='s,x,x,'
psdir='${docdir}'
sbindir='${exec_prefix}/sbin'
sharedstatedir='${prefix}/com'
sysconfdir='${prefix}/etc'
target_alias=''
udevrulesdir=''

## ----------- ##
## confdefs.h. ##
## ----------- ##

/* confdefs.h */
#define PACKAGE_NAME ""
#define PACKAGE_TARNAME ""
#define PACKAGE_VERSION ""
#define PACKAGE_STRING ""
#define PACKAGE_BUGREPORT ""
#define PACKAGE_URL ""

configure: exit 1
